<?xml version="1.0" encoding="UTF-8"?>
<testng-results ignored="0" total="1" passed="1" failed="0" skipped="0">
  <reporter-output>
  </reporter-output>
  <suite started-at="2025-02-06T18:34:05 IST" name="Default suite" finished-at="2025-02-06T18:34:10 IST" duration-ms="4163">
    <groups>
    </groups>
    <test started-at="2025-02-06T18:34:05 IST" name="Default test" finished-at="2025-02-06T18:34:10 IST" duration-ms="4163">
      <class name="Testcases.Test1">
        <test-method is-config="true" signature="setupBrowser()[pri:0, instance:Testcases.Test1@44a59da3]" started-at="2025-02-06T18:34:05 IST" name="setupBrowser" finished-at="2025-02-06T18:34:09 IST" duration-ms="3881" status="PASS">
          <reporter-output>
          </reporter-output>
        </test-method> <!-- setupBrowser -->
        <test-method signature="Tests()[pri:0, instance:Testcases.Test1@44a59da3]" started-at="2025-02-06T18:34:09 IST" name="Tests" finished-at="2025-02-06T18:34:09 IST" duration-ms="67" status="PASS">
          <reporter-output>
          </reporter-output>
        </test-method> <!-- Tests -->
        <test-method is-config="true" signature="Close()[pri:0, instance:Testcases.Test1@44a59da3]" started-at="2025-02-06T18:34:09 IST" name="Close" finished-at="2025-02-06T18:34:10 IST" duration-ms="170" status="PASS">
          <reporter-output>
          </reporter-output>
        </test-method> <!-- Close -->
      </class> <!-- Testcases.Test1 -->
    </test> <!-- Default test -->
  </suite> <!-- Default suite -->
</testng-results>
